2024-01-15 08:00:01 INFO  Server started on port 3000
2024-01-15 08:00:02 INFO  Database connection established
2024-01-15 08:00:03 INFO  Cache service initialised
2024-01-15 08:01:10 INFO  GET /api/users 200 45ms
2024-01-15 08:01:11 INFO  GET /api/products 200 23ms
2024-01-15 08:01:15 WARN  Slow query detected: 350ms on users table
2024-01-15 08:02:00 INFO  POST /api/login 200 67ms
2024-01-15 08:02:45 INFO  GET /api/dashboard 200 89ms
2024-01-15 08:03:10 ERROR Connection timeout for user session #4821
2024-01-15 08:03:11 INFO  Session #4821 retried successfully
2024-01-15 08:04:00 INFO  GET /api/reports 200 210ms
2024-01-15 08:04:30 INFO  Scheduled job: daily-backup started
2024-01-15 08:05:00 INFO  Scheduled job: daily-backup completed
2024-01-15 08:06:00 INFO  GET /api/users 200 41ms
2024-01-15 08:07:15 WARN  Memory usage at 78%
2024-01-15 08:08:00 INFO  POST /api/orders 201 55ms
2024-01-15 08:08:45 INFO  GET /api/inventory 200 33ms
2024-01-15 08:09:00 ERROR Failed login attempt for user admin@test.com
2024-01-15 08:09:01 ERROR Failed login attempt for user admin@test.com
2024-01-15 08:09:02 WARN  Rate limit triggered for IP 192.168.1.55
2024-01-15 08:10:00 INFO  GET /api/users 200 38ms
2024-01-15 08:10:30 INFO  DELETE /api/orders/882 200 29ms
2024-01-15 08:11:00 INFO  Cache cleared by admin
2024-01-15 08:11:10 INFO  Cache rebuilt in 340ms
2024-01-15 08:12:00 INFO  GET /api/products 200 19ms
2024-01-15 08:12:30 WARN  SSL certificate expires in 14 days
2024-01-15 08:13:00 INFO  PUT /api/users/91 200 44ms
2024-01-15 08:14:00 INFO  GET /api/analytics 200 520ms
2024-01-15 08:14:01 WARN  Response time over 500ms threshold
2024-01-15 08:15:00 INFO  Heartbeat check: all systems OK
2024-01-15 08:16:00 INFO  GET /api/users 200 42ms
2024-01-15 08:17:30 ERROR Database query failed: deadlock detected
2024-01-15 08:17:31 INFO  Query retried, succeeded on attempt 2
2024-01-15 08:18:00 INFO  POST /api/uploads 201 780ms
2024-01-15 08:19:00 INFO  GET /api/notifications 200 15ms
2024-01-15 08:20:00 INFO  Cleanup job: old sessions removed (47 sessions)
2024-01-15 08:21:00 INFO  GET /api/users 200 40ms
2024-01-15 08:22:15 WARN  Disk usage at 82% on /var partition
2024-01-15 08:23:00 INFO  GET /api/settings 200 22ms
2024-01-15 08:24:00 INFO  POST /api/feedback 201 33ms
2024-01-15 08:25:00 INFO  Heartbeat check: all systems OK
2024-01-15 08:26:00 ERROR Out of memory: killed process worker-12
2024-01-15 08:26:01 INFO  Worker process restarted automatically
2024-01-15 08:27:00 INFO  GET /api/users 200 45ms
2024-01-15 08:28:00 INFO  GET /api/products 200 21ms
2024-01-15 08:29:00 INFO  POST /api/login 200 58ms
2024-01-15 08:30:00 INFO  Scheduled backup: started
2024-01-15 08:31:00 INFO  Scheduled backup: completed (2.3GB archived)
2024-01-15 08:32:00 INFO  GET /api/dashboard 200 91ms
2024-01-15 08:33:00 INFO  Server uptime: 33 minutes. All services healthy.
